15186153
15190164
15190234
15190255
15190245
15190279
15190293
15190418
15493039
15190492
15190612
15611034
15190773
15190722
15190754
15190787
15190815
15190852
15190833
15190924
15191063
15588184
15190936
15190976
15191044
15191098
15191111
15191122
15191158
15191146
15191173
15191203
15191188
15191211
15191871
15191913
15191971
15191986
15191993
15192051
15192096
15192104
15192116
15196989
15197270
15197503
15197639
15197704
15197938
15198596
15198482
15198513
15198568
15198708
15198734
15198751
15198821
15211364
15211432
15211493
15554550
15211511
15211553
15211632
15376426
15376455
15428298
15211754
15211837
15211863
15211895
15211913
15211931
15211998
15212049
15212054
15212113
15212135
15212150
15212164
15212207
15212189
15588186
15212334
15212470
15212401
15212425
15212441
15212452
15212559
15212537
15212670
15212681
15212723
15212748
15212789
15546886
15212878
15212901
15212927
15678181
15212988
15212972
15213011
15213003
15213026
15213072
15213095
15213126
15540430
15213247
15554576
15213294
15213311
15257897
15256236
15256272
15256324
15256348
15256359
15256363
15256368
15256394
15256406
15256433
15256487
15256499
15256506
15256518
15256530
15256532
15256547
15256554
15256567
15256624
15256638
15256650
15256696
15493031
15256809
15256850
15256925
15257009
15257029
15257049
15257127
15257151
15257250
15257272
15257288
15257330
15257339
15257347
15257353
15257494
15257504
15257522
15257560
15257633
15257693
15257720
15257728
15257734
15257748
15257753
15257760
15257766
