AgentschapPlantentuinMeise/ashForestInteractions
Big-Bee-Network/bee-interaction-database
diatomsRcool/greenland_interactions
diatomsRcool/yellowstone_grizzly
ekrimmel/paleo-interactions-test
EMTuckerLab/ummzi
EMTuckerLabUMMZ/ummzi
Extended-Bee-Network/bee-interaction-database
fkeck/gpt_interactions
fonturbel-lab/pollination_catalogue
globalbioticinteractions/AfricaTreeDatabase
globalbioticinteractions/AMNH-hymenoptera
globalbioticinteractions/arthropodEasyCaptureAMNH
globalbioticinteractions/asu-asuhic
globalbioticinteractions/barnes
globalbioticinteractions/batbase
globalbioticinteractions/bat-co-roosting-database
globalbioticinteractions/batplant
globalbioticinteractions/bco-dmo
globalbioticinteractions/bioinfo
globalbioticinteractions/bold
globalbioticinteractions/boreux2019
globalbioticinteractions/bourlat2023
globalbioticinteractions/bpbm-ent
globalbioticinteractions/brose-gateway
globalbioticinteractions/byu-byuc
globalbioticinteractions/calvalheiro2023
globalbioticinteractions/camargo-sanabria2025
globalbioticinteractions/carril2018
globalbioticinteractions/carvalheiro2023
globalbioticinteractions/cas-ent
globalbioticinteractions/Catalogue-of-Afrotropical-Bees
globalbioticinteractions/choy2017
globalbioticinteractions/classen2020
globalbioticinteractions/cmnz
globalbioticinteractions/cpc-pollinators
globalbioticinteractions/delrisco2021
globalbioticinteractions/dopi
globalbioticinteractions/dorey2023
globalbioticinteractions/ecoab-host-plant
globalbioticinteractions/ferrer-paris
globalbioticinteractions/fishbase
globalbioticinteractions/fmnh
globalbioticinteractions/gandhi2009
globalbioticinteractions/globalwebdb
globalbioticinteractions/guzman2022
globalbioticinteractions/hale2024
globalbioticinteractions/hivetracks2023
globalbioticinteractions/ices
globalbioticinteractions/inaturalist
globalbioticinteractions/inhs-insects
globalbioticinteractions/ipbes-pollinator-2016
globalbioticinteractions/kalro2023
globalbioticinteractions/ku-semc
globalbioticinteractions/lamanna2020
globalbioticinteractions/life-watch-greece
globalbioticinteractions/mcz
globalbioticinteractions/minckly-san-bernardino-valley-2000-2011
globalbioticinteractions/mollentze2019
globalbioticinteractions/msb-host
globalbioticinteractions/msb-para
globalbioticinteractions/msu-msuc
globalbioticinteractions/mycoportal
globalbioticinteractions/natural-history-museum-london-interactions-bank
globalbioticinteractions/ncbi-orthomyxoviridae
globalbioticinteractions/ncbi-rhabdoviridae
globalbioticinteractions/neofrugivory
globalbioticinteractions/OBservData
globalbioticinteractions/ollerton2022
globalbioticinteractions/osal-ar
globalbioticinteractions/padil-bee
globalbioticinteractions/paz2021
globalbioticinteractions/pensoft-dwca
globalbioticinteractions/pocock2012
globalbioticinteractions/pollination_catalogue
globalbioticinteractions/pollinators-of-apocynaceae-database
globalbioticinteractions/psuc-ento
globalbioticinteractions/pu-perc
globalbioticinteractions/raymond
globalbioticinteractions/rcpol
globalbioticinteractions/refuted-biotic-interactions-by-eol
globalbioticinteractions/refuted-interaction-data
globalbioticinteractions/russo2022
globalbioticinteractions/sabina2022
globalbioticinteractions/scan
globalbioticinteractions/scar
globalbioticinteractions/schwarz2021
globalbioticinteractions/sdnhm-sdmc
globalbioticinteractions/sealifebase
globalbioticinteractions/seinet
globalbioticinteractions/siad
globalbioticinteractions/speciesconnect
globalbioticinteractions/species-interaction-dataset-inventory
globalbioticinteractions/squamatabase
globalbioticinteractions/strong2014
globalbioticinteractions/tamuic-ent
globalbioticinteractions/taxonworks
globalbioticinteractions/tmh-across-systems
globalbioticinteractions/ucm-ucmc
globalbioticinteractions/ucsb-cch
globalbioticinteractions/ucsb-izc
globalbioticinteractions/uhim
globalbioticinteractions/ummzi
globalbioticinteractions/ummz-ummzi
globalbioticinteractions/unhc
globalbioticinteractions/unhc-unhc
globalbioticinteractions/unl-nsm
globalbioticinteractions/usda-fungus-host
globalbioticinteractions/usgs-pollinator-library
globalbioticinteractions/usnm
globalbioticinteractions/ut-utbfl
globalbioticinteractions/vertnet
globalbioticinteractions/virus-host-db
globalbioticinteractions/wardeh2015
globalbioticinteractions/web-of-life
globalbioticinteractions/wis-ih-wirc
globalbioticinteractions/yale-peabody
GoMexSI/abascal
GoMexSI/baremore
GoMexSI/interaction-data
GoMexSI/JLewis_GoMexSi
GoMexSI/simons
hurlbertlab/dietdatabase
ibartomeus/OBservData
jeremy-cohen/tmh-across-systems
jhpoelen/bee-interaction-database
jhpoelen/caradonna2020
jhpoelen/database
jhpoelen/EDWIP
jhpoelen/Gippet2023_GiantLandSnails
jhpoelen/JLewis_GoMexSi
jhpoelen/magrach2017
jhpoelen/olito2015
jhpoelen/paleo-interactions-test
jhpoelen/redhead2018
jhpoelen/udy2020
jhpoelen/ummzi
JoseBSL/EuPPollNet
mammalbase/database
millerse/A-Host-parasite-Catalog-of-North-American-Tachinidae-Diptera-
millerse/Arctos
millerse/Biological-Station-Arthropod-Collection
millerse/Clements-R.-E.-and-F.-L.-Long
millerse/Dapstrom-integrated-database-and-portal-for-fish-stomach-records
millerse/Ecological-Database-of-the-World-s-Insect-Pathogens
millerse/Flowers-and-insects-lists-of-visitors-to-four-hundred-and-fifty-three-flowers
millerse/Greystock-et-al.-2015
millerse/parasitic-plant-connection
millerse/Plant-Pollinator-Web
millerse/Pollination-Collection
millerse/Smithsonian-Repository-Interactions
millerse/The-Butterflies-of-North-America
millerse/US-National-Parasite-Collection
millerse/Wardeh-et-al.-2015
qgroom/refuteINAT
qgroom/Sceliphron
qgroom/Vespa-velutina
seltmann/bee-interaction-database
taddallas/EDWIP
trias-project/eu-species-of-concern-interactions
zedomel/ballantyne2015
zedomel/bartomeus2008
zedomel/caradonna2020
zedomel/olito2015
zedomel/portalier2018
zedomel/redhead2018
zedomel/udy2020
