15678181
15626588
15611034
15599609
15594450
15588186
15588184
15554576
15554550
15546886
15540430
15493039
15493031
15428298
15428204
15376461
15376455
15376443
15376426
15376417
15373915
15257897
15257891
15257770
15257766
15257760
15257753
15257748
15257734
15257728
15257720
15257714
15257703
15257693
15257681
15257677
15257671
15257659
15257654
15257647
15257633
15257625
15257618
15257597
15257590
15257580
15257576
15257571
15257560
15257554
15257548
15257544
15257527
15257522
15257514
15257504
15257494
15257488
15257482
15257476
15257466
15257460
15257451
15257443
15257435
15257427
15257423
15257416
15257399
15257395
15257380
15257374
15257362
15257360
15257353
15257347
15257339
15257330
15257322
15257312
15257303
15257288
15257277
15257272
15257268
15257264
15257258
15257250
15257242
15257236
15257230
15257207
15257173
15257171
15257162
15257153
15257151
15257147
15257141
15257134
15257127
15257122
15257087
15257057
15257049
15257038
15257029
15257020
15257009
15256992
15256981
15256967
15256955
15256948
15256938
15256925
15256917
15256901
15256887
15256873
15256856
15256850
15256836
15256825
15256815
15256809
15256803
15256792
15256784
15256780
15256765
15256750
15256737
15256729
15256721
15256713
15256707
15256696
15256680
15256666
15256657
15256650
15256638
15256634
15256624
15256610
15256595
15256590
15256583
15256573
15256567
15256554
15256547
15256540
15256532
15256530
15256524
15256518
15256506
15256499
15256487
15256477
15256451
15256442
15256433
15256429
15256424
15256406
15256394
15256388
15256368
15256363
15256359
15256354
15256348
15256330
15256324
15256316
15256306
15256289
15256272
15256260
15256252
15256236
15213311
15213294
15213288
15213281
15213266
15213247
15213223
15213218
15213126
15213095
15213072
15213063
15213047
15213026
15213011
15213003
15212988
15212972
15212927
15212914
15212901
15212895
15212888
15212878
15212870
15212858
15212839
15212819
15212789
15212766
15212758
15212748
15212723
15212681
15212670
15212660
15212652
15212587
15212559
15212537
15212523
15212508
15212470
15212452
15212441
15212425
15212401
15212387
15212376
15212357
15212334
15212316
15212254
15212230
15212207
15212189
15212173
15212164
15212150
15212135
15212113
15212095
15212054
15212049
15212027
15212014
15211998
15211992
15211966
15211964
15211950
15211931
15211918
15211913
15211895
15211863
15211837
15211814
15211791
15211754
15211725
15211632
15211553
15211534
15211511
15211493
15211479
15211466
15211449
15211432
15211410
15211386
15211364
15198821
15198808
15198800
15198791
15198764
15198751
15198734
15198708
15198686
15198650
15198641
15198596
15198568
15198546
15198538
15198525
15198513
15198498
15198482
15197938
15197741
15197704
15197639
15197600
15197561
15197503
15197452
15197401
15197358
15197270
15197185
15197128
15197084
15197030
15196989
15196926
15196877
15196770
15192116
15192104
15192096
15192063
15192051
15192036
15192034
15192013
15192002
15191993
15191986
15191980
15191971
15191955
15191944
15191927
15191923
15191913
15191902
15191894
15191884
15191871
15191860
15191743
15191211
15191203
15191188
15191173
15191158
15191146
15191133
15191122
15191111
15191098
15191090
15191088
15191063
15191044
15191014
15190976
15190936
15190924
15190908
15190892
15190874
15190852
15190833
15190827
15190815
15190787
15190773
15190754
15190746
15190732
15190722
15190706
15190692
15190671
15190655
15190612
15190540
15190492
15190471
15190463
15190426
15190418
15190414
15190403
15190293
15190279
15190255
15190245
15190234
15190215
15190164
15190148
15190129
15190110
15190078
15190061
15190049
15190042
15190030
15189994
15186153
15186112
